<?xml version="1.0" encoding="UTF-8"?>
<testsuite name="test.java.WifiNetworkImportTest" tests="1" skipped="0" failures="0" errors="0" timestamp="2018-01-18T20:57:53" hostname="DESKTOP-5UB08FL" time="0.008">
  <properties/>
  <testcase name="testGetDateFromString" classname="test.java.WifiNetworkImportTest" time="0.008"/>
  <system-out><![CDATA[]]></system-out>
  <system-err><![CDATA[]]></system-err>
</testsuite>
