<?xml version="1.0" encoding="UTF-8"?>
<testsuite name="test.java.DataToExportTest" tests="3" skipped="0" failures="0" errors="0" timestamp="2018-01-18T20:57:53" hostname="DESKTOP-5UB08FL" time="0.037">
  <properties/>
  <testcase name="testBuildDataToExport" classname="test.java.DataToExportTest" time="0.01"/>
  <testcase name="testBuildDataToExportList" classname="test.java.DataToExportTest" time="0.001"/>
  <testcase name="testBuildCSVData" classname="test.java.DataToExportTest" time="0.02"/>
  <system-out><![CDATA[]]></system-out>
  <system-err><![CDATA[]]></system-err>
</testsuite>
